#
# There is insufficient memory for the Java Runtime Environment to continue.
# Native memory allocation (mmap) failed to map 87031808 bytes for committing reserved memory.
# Possible reasons:
#   The system is out of physical RAM or swap space
#   In 32 bit mode, the process size limit was hit
# Possible solutions:
#   Reduce memory load on the system
#   Increase physical memory or swap space
#   Check if swap backing store is full
#   Use 64 bit Java on a 64 bit OS
#   Decrease Java heap size (-Xmx/-Xms)
#   Decrease number of Java threads
#   Decrease Java thread stack sizes (-Xss)
#   Set larger code cache with -XX:ReservedCodeCacheSize=
# This output file may be truncated or incomplete.
#
#  Out of Memory Error (os_linux.cpp:2673), pid=18540, tid=140022142400256
#
# JRE version:  (8.0_40-b25) (build )
# Java VM: Java HotSpot(TM) 64-Bit Server VM (25.40-b25 mixed mode linux-amd64 compressed oops)
# Failed to write core dump. Core dumps have been disabled. To enable core dumping, try "ulimit -c unlimited" before starting Java again
#

---------------  T H R E A D  ---------------

Current thread (0x00007f596c009800):  JavaThread "Unknown thread" [_thread_in_vm, id=18547, stack(0x00007f5971fef000,0x00007f59720f0000)]

Stack: [0x00007f5971fef000,0x00007f59720f0000],  sp=0x00007f59720ee370,  free space=1020k
Native frames: (J=compiled Java code, j=interpreted, Vv=VM code, C=native code)
V  [libjvm.so+0xaaca9a]  VMError::report_and_die()+0x2ba
V  [libjvm.so+0x4f333b]  report_vm_out_of_memory(char const*, int, unsigned long, VMErrorType, char const*)+0x8b
V  [libjvm.so+0x90e8c3]  os::Linux::commit_memory_impl(char*, unsigned long, bool)+0x103
V  [libjvm.so+0x90ee19]  os::pd_commit_memory(char*, unsigned long, unsigned long, bool)+0x29
V  [libjvm.so+0x90877a]  os::commit_memory(char*, unsigned long, unsigned long, bool)+0x2a
V  [libjvm.so+0x97bbc3]  PSVirtualSpace::expand_by(unsigned long)+0x53
V  [libjvm.so+0x96bc77]  PSOldGen::initialize(ReservedSpace, unsigned long, char const*, int)+0xb7
V  [libjvm.so+0x2d4cda]  AdjoiningGenerations::AdjoiningGenerations(ReservedSpace, GenerationSizer*, unsigned long)+0x39a
V  [libjvm.so+0x931816]  ParallelScavengeHeap::initialize()+0x1d6
V  [libjvm.so+0xa75bab]  Universe::initialize_heap()+0xfb
V  [libjvm.so+0xa75f1e]  universe_init()+0x3e
V  [libjvm.so+0x62f665]  init_globals()+0x65
V  [libjvm.so+0xa5a12e]  Threads::create_vm(JavaVMInitArgs*, bool*)+0x23e
V  [libjvm.so+0x6c3274]  JNI_CreateJavaVM+0x74
C  [libjli.so+0x745e]  JavaMain+0x9e
C  [libpthread.so.0+0x8182]  start_thread+0xc2


---------------  P R O C E S S  ---------------

Java Threads: ( => current thread )

Other Threads:

=>0x00007f596c009800 (exited) JavaThread "Unknown thread" [_thread_in_vm, id=18547, stack(0x00007f5971fef000,0x00007f59720f0000)]

VM state:not at safepoint (not fully initialized)

VM Mutex/Monitor currently owned by a thread: None

GC Heap History (0 events):
No events

Deoptimization events (0 events):
No events

Internal exceptions (0 events):
No events

Events (0 events):
No events


Dynamic libraries:
00400000-00401000 r-xp 00000000 08:02 797563                             /usr/lib/jvm/java-8-oracle/jre/bin/java
00600000-00601000 rw-p 00000000 08:02 797563                             /usr/lib/jvm/java-8-oracle/jre/bin/java
023a3000-023c4000 rw-p 00000000 00:00 0                                  [heap]
8b100000-d7500000 ---p 00000000 00:00 0 
d7500000-d9e00000 rw-p 00000000 00:00 0 
d9e00000-100000000 ---p 00000000 00:00 0 
7f595b758000-7f595b9dc000 rw-p 00000000 00:00 0 
7f595b9dc000-7f595bc67000 ---p 00000000 00:00 0 
7f595bc67000-7f595bc7c000 rw-p 00000000 00:00 0 
7f595bc7c000-7f595bdad000 ---p 00000000 00:00 0 
7f595bdad000-7f595bdb8000 rw-p 00000000 00:00 0 
7f595bdb8000-7f595c16e000 ---p 00000000 00:00 0 
7f595c16e000-7f595c3de000 rwxp 00000000 00:00 0 
7f595c3de000-7f596b16e000 ---p 00000000 00:00 0 
7f596b16e000-7f596b188000 r-xp 00000000 08:02 799176                     /usr/lib/jvm/java-8-oracle/jre/lib/amd64/libzip.so
7f596b188000-7f596b388000 ---p 0001a000 08:02 799176                     /usr/lib/jvm/java-8-oracle/jre/lib/amd64/libzip.so
7f596b388000-7f596b389000 rw-p 0001a000 08:02 799176                     /usr/lib/jvm/java-8-oracle/jre/lib/amd64/libzip.so
7f596b389000-7f596b394000 r-xp 00000000 08:02 396610                     /lib/x86_64-linux-gnu/libnss_files-2.19.so
7f596b394000-7f596b593000 ---p 0000b000 08:02 396610                     /lib/x86_64-linux-gnu/libnss_files-2.19.so
7f596b593000-7f596b594000 r--p 0000a000 08:02 396610                     /lib/x86_64-linux-gnu/libnss_files-2.19.so
7f596b594000-7f596b595000 rw-p 0000b000 08:02 396610                     /lib/x86_64-linux-gnu/libnss_files-2.19.so
7f596b595000-7f596b5a0000 r-xp 00000000 08:02 397125                     /lib/x86_64-linux-gnu/libnss_nis-2.19.so
7f596b5a0000-7f596b79f000 ---p 0000b000 08:02 397125                     /lib/x86_64-linux-gnu/libnss_nis-2.19.so
7f596b79f000-7f596b7a0000 r--p 0000a000 08:02 397125                     /lib/x86_64-linux-gnu/libnss_nis-2.19.so
7f596b7a0000-7f596b7a1000 rw-p 0000b000 08:02 397125                     /lib/x86_64-linux-gnu/libnss_nis-2.19.so
7f596b7a1000-7f596b7b8000 r-xp 00000000 08:02 396794                     /lib/x86_64-linux-gnu/libnsl-2.19.so
7f596b7b8000-7f596b9b7000 ---p 00017000 08:02 396794                     /lib/x86_64-linux-gnu/libnsl-2.19.so
7f596b9b7000-7f596b9b8000 r--p 00016000 08:02 396794                     /lib/x86_64-linux-gnu/libnsl-2.19.so
7f596b9b8000-7f596b9b9000 rw-p 00017000 08:02 396794                     /lib/x86_64-linux-gnu/libnsl-2.19.so
7f596b9b9000-7f596b9bb000 rw-p 00000000 00:00 0 
7f596b9bb000-7f596b9c4000 r-xp 00000000 08:02 396787                     /lib/x86_64-linux-gnu/libnss_compat-2.19.so
7f596b9c4000-7f596bbc3000 ---p 00009000 08:02 396787                     /lib/x86_64-linux-gnu/libnss_compat-2.19.so
7f596bbc3000-7f596bbc4000 r--p 00008000 08:02 396787                     /lib/x86_64-linux-gnu/libnss_compat-2.19.so
7f596bbc4000-7f596bbc5000 rw-p 00009000 08:02 396787                     /lib/x86_64-linux-gnu/libnss_compat-2.19.so
7f596bbc5000-7f596bbef000 r-xp 00000000 08:02 799472                     /usr/lib/jvm/java-8-oracle/jre/lib/amd64/libjava.so
7f596bbef000-7f596bdef000 ---p 0002a000 08:02 799472                     /usr/lib/jvm/java-8-oracle/jre/lib/amd64/libjava.so
7f596bdef000-7f596bdf1000 rw-p 0002a000 08:02 799472                     /usr/lib/jvm/java-8-oracle/jre/lib/amd64/libjava.so
7f596bdf1000-7f596bdfe000 r-xp 00000000 08:02 799742                     /usr/lib/jvm/java-8-oracle/jre/lib/amd64/libverify.so
7f596bdfe000-7f596bffe000 ---p 0000d000 08:02 799742                     /usr/lib/jvm/java-8-oracle/jre/lib/amd64/libverify.so
7f596bffe000-7f596c000000 rw-p 0000d000 08:02 799742                     /usr/lib/jvm/java-8-oracle/jre/lib/amd64/libverify.so
7f596c000000-7f596c031000 rw-p 00000000 00:00 0 
7f596c031000-7f5970000000 ---p 00000000 00:00 0 
7f5970022000-7f5970029000 r-xp 00000000 08:02 397059                     /lib/x86_64-linux-gnu/librt-2.19.so
7f5970029000-7f5970228000 ---p 00007000 08:02 397059                     /lib/x86_64-linux-gnu/librt-2.19.so
7f5970228000-7f5970229000 r--p 00006000 08:02 397059                     /lib/x86_64-linux-gnu/librt-2.19.so
7f5970229000-7f597022a000 rw-p 00007000 08:02 397059                     /lib/x86_64-linux-gnu/librt-2.19.so
7f597022a000-7f597032f000 r-xp 00000000 08:02 396609                     /lib/x86_64-linux-gnu/libm-2.19.so
7f597032f000-7f597052e000 ---p 00105000 08:02 396609                     /lib/x86_64-linux-gnu/libm-2.19.so
7f597052e000-7f597052f000 r--p 00104000 08:02 396609                     /lib/x86_64-linux-gnu/libm-2.19.so
7f597052f000-7f5970530000 rw-p 00105000 08:02 396609                     /lib/x86_64-linux-gnu/libm-2.19.so
7f5970530000-7f59711de000 r-xp 00000000 08:02 799619                     /usr/lib/jvm/java-8-oracle/jre/lib/amd64/server/libjvm.so
7f59711de000-7f59713dd000 ---p 00cae000 08:02 799619                     /usr/lib/jvm/java-8-oracle/jre/lib/amd64/server/libjvm.so
7f59713dd000-7f59714b4000 rw-p 00cad000 08:02 799619                     /usr/lib/jvm/java-8-oracle/jre/lib/amd64/server/libjvm.so
7f59714b4000-7f59714f8000 rw-p 00000000 00:00 0 
7f59714f8000-7f59716b3000 r-xp 00000000 08:02 396951                     /lib/x86_64-linux-gnu/libc-2.19.so
7f59716b3000-7f59718b2000 ---p 001bb000 08:02 396951                     /lib/x86_64-linux-gnu/libc-2.19.so
7f59718b2000-7f59718b6000 r--p 001ba000 08:02 396951                     /lib/x86_64-linux-gnu/libc-2.19.so
7f59718b6000-7f59718b8000 rw-p 001be000 08:02 396951                     /lib/x86_64-linux-gnu/libc-2.19.so
7f59718b8000-7f59718bd000 rw-p 00000000 00:00 0 
7f59718bd000-7f59718c0000 r-xp 00000000 08:02 396722                     /lib/x86_64-linux-gnu/libdl-2.19.so
7f59718c0000-7f5971abf000 ---p 00003000 08:02 396722                     /lib/x86_64-linux-gnu/libdl-2.19.so
7f5971abf000-7f5971ac0000 r--p 00002000 08:02 396722                     /lib/x86_64-linux-gnu/libdl-2.19.so
7f5971ac0000-7f5971ac1000 rw-p 00003000 08:02 396722                     /lib/x86_64-linux-gnu/libdl-2.19.so
7f5971ac1000-7f5971ad6000 r-xp 00000000 08:02 799464                     /usr/lib/jvm/java-8-oracle/jre/lib/amd64/jli/libjli.so
7f5971ad6000-7f5971cd6000 ---p 00015000 08:02 799464                     /usr/lib/jvm/java-8-oracle/jre/lib/amd64/jli/libjli.so
7f5971cd6000-7f5971cd7000 rw-p 00015000 08:02 799464                     /usr/lib/jvm/java-8-oracle/jre/lib/amd64/jli/libjli.so
7f5971cd7000-7f5971cf0000 r-xp 00000000 08:02 397029                     /lib/x86_64-linux-gnu/libpthread-2.19.so
7f5971cf0000-7f5971eef000 ---p 00019000 08:02 397029                     /lib/x86_64-linux-gnu/libpthread-2.19.so
7f5971eef000-7f5971ef0000 r--p 00018000 08:02 397029                     /lib/x86_64-linux-gnu/libpthread-2.19.so
7f5971ef0000-7f5971ef1000 rw-p 00019000 08:02 397029                     /lib/x86_64-linux-gnu/libpthread-2.19.so
7f5971ef1000-7f5971ef5000 rw-p 00000000 00:00 0 
7f5971ef5000-7f5971f18000 r-xp 00000000 08:02 396813                     /lib/x86_64-linux-gnu/ld-2.19.so
7f5971fef000-7f5971ff2000 ---p 00000000 00:00 0 
7f5971ff2000-7f59720f4000 rw-p 00000000 00:00 0                          [stack:18547]
7f5972108000-7f597210b000 rw-p 00000000 00:00 0 
7f597210b000-7f5972113000 rw-s 00000000 08:02 1829382                    /tmp/hsperfdata_zafercan/18540
7f5972113000-7f5972114000 rw-p 00000000 00:00 0 
7f5972114000-7f5972115000 r--p 00000000 00:00 0 
7f5972115000-7f5972117000 rw-p 00000000 00:00 0 
7f5972117000-7f5972118000 r--p 00022000 08:02 396813                     /lib/x86_64-linux-gnu/ld-2.19.so
7f5972118000-7f5972119000 rw-p 00023000 08:02 396813                     /lib/x86_64-linux-gnu/ld-2.19.so
7f5972119000-7f597211a000 rw-p 00000000 00:00 0 
7fff9bbce000-7fff9bbef000 rw-p 00000000 00:00 0                          [stack]
7fff9bbfe000-7fff9bc00000 r-xp 00000000 00:00 0                          [vdso]
ffffffffff600000-ffffffffff601000 r-xp 00000000 00:00 0                  [vsyscall]

VM Arguments:
java_command: <unknown>
java_class_path (initial): .
Launcher Type: SUN_STANDARD

Environment Variables:
JAVA_HOME=/usr/lib/jvm/java-8-oracle
PATH=/home/zafercan/.rbenv/bin:/home/zafercan/.rvm/gems/ruby-2.2.1/bin:/home/zafercan/.rvm/gems/ruby-2.2.1@global/bin:/home/zafercan/.rvm/rubies/ruby-2.2.1/bin:/usr/local/sbin:/usr/local/bin:/usr/sbin:/usr/bin:/sbin:/bin:/usr/games:/usr/local/games:/home/zafercan/.rvm/bin:/home/zafercan/.rvm/bin:/home/zafercan/Android/Sdk/tools:/home/zafercan/Android/Sdk/platforms-tools{}:/home/zafercan/Android/Sdk/platform-tools/
USERNAME=zafercan
SHELL=/bin/bash
DISPLAY=:0

Signal Handlers:
SIGSEGV: [libjvm.so+0xaad2e0], sa_mask[0]=11111111011111111101111111111110, sa_flags=SA_RESTART|SA_SIGINFO
SIGBUS: [libjvm.so+0xaad2e0], sa_mask[0]=11111111011111111101111111111110, sa_flags=SA_RESTART|SA_SIGINFO
SIGFPE: [libjvm.so+0x90b550], sa_mask[0]=11111111011111111101111111111110, sa_flags=SA_RESTART|SA_SIGINFO
SIGPIPE: [libjvm.so+0x90b550], sa_mask[0]=11111111011111111101111111111110, sa_flags=SA_RESTART|SA_SIGINFO
SIGXFSZ: [libjvm.so+0x90b550], sa_mask[0]=11111111011111111101111111111110, sa_flags=SA_RESTART|SA_SIGINFO
SIGILL: [libjvm.so+0x90b550], sa_mask[0]=11111111011111111101111111111110, sa_flags=SA_RESTART|SA_SIGINFO
SIGUSR1: SIG_DFL, sa_mask[0]=00000000000000000000000000000000, sa_flags=none
SIGUSR2: [libjvm.so+0x90cb90], sa_mask[0]=00000000000000000000000000000000, sa_flags=SA_RESTART|SA_SIGINFO
SIGHUP: SIG_DFL, sa_mask[0]=00000000000000000000000000000000, sa_flags=none
SIGINT: SIG_DFL, sa_mask[0]=00000000000000000000000000000000, sa_flags=none
SIGTERM: SIG_DFL, sa_mask[0]=00000000000000000000000000000000, sa_flags=none
SIGQUIT: SIG_DFL, sa_mask[0]=00000000000000000000000000000000, sa_flags=none


---------------  S Y S T E M  ---------------

OS:DISTRIB_ID=LinuxMint
DISTRIB_RELEASE=17.1
DISTRIB_CODENAME=rebecca
DISTRIB_DESCRIPTION="Linux Mint 17.1 Rebecca"

uname:Linux 3.13.0-37-generic #64-Ubuntu SMP Mon Sep 22 21:28:38 UTC 2014 x86_64
libc:glibc 2.19 NPTL 2.19 
rlimit: STACK 8192k, CORE 0k, NPROC 62245, NOFILE 4096, AS infinity
load average:0.61 0.71 0.73

/proc/meminfo:
MemTotal:        7998548 kB
MemFree:          109288 kB
Buffers:            4724 kB
Cached:          2961924 kB
SwapCached:            0 kB
Active:          4108452 kB
Inactive:        2938720 kB
Active(anon):    4084988 kB
Inactive(anon):  2907864 kB
Active(file):      23464 kB
Inactive(file):    30856 kB
Unevictable:           0 kB
Mlocked:               0 kB
SwapTotal:             0 kB
SwapFree:              0 kB
Dirty:              1780 kB
Writeback:             0 kB
AnonPages:       4080788 kB
Mapped:          2166964 kB
Shmem:           2912148 kB
Slab:             104012 kB
SReclaimable:      44292 kB
SUnreclaim:        59720 kB
KernelStack:        5960 kB
PageTables:        49952 kB
NFS_Unstable:          0 kB
Bounce:                0 kB
WritebackTmp:          0 kB
CommitLimit:     3999272 kB
Committed_AS:   11693184 kB
VmallocTotal:   34359738367 kB
VmallocUsed:      360804 kB
VmallocChunk:   34359367036 kB
HardwareCorrupted:     0 kB
AnonHugePages:   1363968 kB
HugePages_Total:       0
HugePages_Free:        0
HugePages_Rsvd:        0
HugePages_Surp:        0
Hugepagesize:       2048 kB
DirectMap4k:       88432 kB
DirectMap2M:     2877440 kB
DirectMap1G:     5242880 kB


CPU:total 8 (4 cores per cpu, 2 threads per core) family 6 model 60 stepping 3, cmov, cx8, fxsr, mmx, sse, sse2, sse3, ssse3, sse4.1, sse4.2, popcnt, avx, avx2, aes, clmul, erms, lzcnt, ht, tsc, tscinvbit, bmi1, bmi2

/proc/cpuinfo:
processor	: 0
vendor_id	: GenuineIntel
cpu family	: 6
model		: 60
model name	: Intel(R) Core(TM) i7-4710MQ CPU @ 2.50GHz
stepping	: 3
microcode	: 0x17
cpu MHz		: 2300.000
cache size	: 6144 KB
physical id	: 0
siblings	: 8
core id		: 0
cpu cores	: 4
apicid		: 0
initial apicid	: 0
fpu		: yes
fpu_exception	: yes
cpuid level	: 13
wp		: yes
flags		: fpu vme de pse tsc msr pae mce cx8 apic sep mtrr pge mca cmov pat pse36 clflush dts acpi mmx fxsr sse sse2 ss ht tm pbe syscall nx pdpe1gb rdtscp lm constant_tsc arch_perfmon pebs bts rep_good nopl xtopology nonstop_tsc aperfmperf eagerfpu pni pclmulqdq dtes64 monitor ds_cpl vmx est tm2 ssse3 fma cx16 xtpr pdcm pcid sse4_1 sse4_2 movbe popcnt tsc_deadline_timer aes xsave avx f16c rdrand lahf_lm abm ida arat epb xsaveopt pln pts dtherm tpr_shadow vnmi flexpriority ept vpid fsgsbase tsc_adjust bmi1 avx2 smep bmi2 erms invpcid
bogomips	: 4988.18
clflush size	: 64
cache_alignment	: 64
address sizes	: 39 bits physical, 48 bits virtual
power management:

processor	: 1
vendor_id	: GenuineIntel
cpu family	: 6
model		: 60
model name	: Intel(R) Core(TM) i7-4710MQ CPU @ 2.50GHz
stepping	: 3
microcode	: 0x17
cpu MHz		: 2501.000
cache size	: 6144 KB
physical id	: 0
siblings	: 8
core id		: 1
cpu cores	: 4
apicid		: 2
initial apicid	: 2
fpu		: yes
fpu_exception	: yes
cpuid level	: 13
wp		: yes
flags		: fpu vme de pse tsc msr pae mce cx8 apic sep mtrr pge mca cmov pat pse36 clflush dts acpi mmx fxsr sse sse2 ss ht tm pbe syscall nx pdpe1gb rdtscp lm constant_tsc arch_perfmon pebs bts rep_good nopl xtopology nonstop_tsc aperfmperf eagerfpu pni pclmulqdq dtes64 monitor ds_cpl vmx est tm2 ssse3 fma cx16 xtpr pdcm pcid sse4_1 sse4_2 movbe popcnt tsc_deadline_timer aes xsave avx f16c rdrand lahf_lm abm ida arat epb xsaveopt pln pts dtherm tpr_shadow vnmi flexpriority ept vpid fsgsbase tsc_adjust bmi1 avx2 smep bmi2 erms invpcid
bogomips	: 4988.18
clflush size	: 64
cache_alignment	: 64
address sizes	: 39 bits physical, 48 bits virtual
power management:

processor	: 2
vendor_id	: GenuineIntel
cpu family	: 6
model		: 60
model name	: Intel(R) Core(TM) i7-4710MQ CPU @ 2.50GHz
stepping	: 3
microcode	: 0x17
cpu MHz		: 800.000
cache size	: 6144 KB
physical id	: 0
siblings	: 8
core id		: 2
cpu cores	: 4
apicid		: 4
initial apicid	: 4
fpu		: yes
fpu_exception	: yes
cpuid level	: 13
wp		: yes
flags		: fpu vme de pse tsc msr pae mce cx8 apic sep mtrr pge mca cmov pat pse36 clflush dts acpi mmx fxsr sse sse2 ss ht tm pbe syscall nx pdpe1gb rdtscp lm constant_tsc arch_perfmon pebs bts rep_good nopl xtopology nonstop_tsc aperfmperf eagerfpu pni pclmulqdq dtes64 monitor ds_cpl vmx est tm2 ssse3 fma cx16 xtpr pdcm pcid sse4_1 sse4_2 movbe popcnt tsc_deadline_timer aes xsave avx f16c rdrand lahf_lm abm ida arat epb xsaveopt pln pts dtherm tpr_shadow vnmi flexpriority ept vpid fsgsbase tsc_adjust bmi1 avx2 smep bmi2 erms invpcid
bogomips	: 4988.18
clflush size	: 64
cache_alignment	: 64
address sizes	: 39 bits physical, 48 bits virtual
power management:

processor	: 3
vendor_id	: GenuineIntel
cpu family	: 6
model		: 60
model name	: Intel(R) Core(TM) i7-4710MQ CPU @ 2.50GHz
stepping	: 3
microcode	: 0x17
cpu MHz		: 900.000
cache size	: 6144 KB
physical id	: 0
siblings	: 8
core id		: 3
cpu cores	: 4
apicid		: 6
initial apicid	: 6
fpu		: yes
fpu_exception	: yes
cpuid level	: 13
wp		: yes
flags		: fpu vme de pse tsc msr pae mce cx8 apic sep mtrr pge mca cmov pat pse36 clflush dts acpi mmx fxsr sse sse2 ss ht tm pbe syscall nx pdpe1gb rdtscp lm constant_tsc arch_perfmon pebs bts rep_good nopl xtopology nonstop_tsc aperfmperf eagerfpu pni pclmulqdq dtes64 monitor ds_cpl vmx est tm2 ssse3 fma cx16 xtpr pdcm pcid sse4_1 sse4_2 movbe popcnt tsc_deadline_timer aes xsave avx f16c rdrand lahf_lm abm ida arat epb xsaveopt pln pts dtherm tpr_shadow vnmi flexpriority ept vpid fsgsbase tsc_adjust bmi1 avx2 smep bmi2 erms invpcid
bogomips	: 4988.18
clflush size	: 64
cache_alignment	: 64
address sizes	: 39 bits physical, 48 bits virtual
power management:

processor	: 4
vendor_id	: GenuineIntel
cpu family	: 6
model		: 60
model name	: Intel(R) Core(TM) i7-4710MQ CPU @ 2.50GHz
stepping	: 3
microcode	: 0x17
cpu MHz		: 800.000
cache size	: 6144 KB
physical id	: 0
siblings	: 8
core id		: 0
cpu cores	: 4
apicid		: 1
initial apicid	: 1
fpu		: yes
fpu_exception	: yes
cpuid level	: 13
wp		: yes
flags		: fpu vme de pse tsc msr pae mce cx8 apic sep mtrr pge mca cmov pat pse36 clflush dts acpi mmx fxsr sse sse2 ss ht tm pbe syscall nx pdpe1gb rdtscp lm constant_tsc arch_perfmon pebs bts rep_good nopl xtopology nonstop_tsc aperfmperf eagerfpu pni pclmulqdq dtes64 monitor ds_cpl vmx est tm2 ssse3 fma cx16 xtpr pdcm pcid sse4_1 sse4_2 movbe popcnt tsc_deadline_timer aes xsave avx f16c rdrand lahf_lm abm ida arat epb xsaveopt pln pts dtherm tpr_shadow vnmi flexpriority ept vpid fsgsbase tsc_adjust bmi1 avx2 smep bmi2 erms invpcid
bogomips	: 4988.18
clflush size	: 64
cache_alignment	: 64
address sizes	: 39 bits physical, 48 bits virtual
power management:

processor	: 5
vendor_id	: GenuineIntel
cpu family	: 6
model		: 60
model name	: Intel(R) Core(TM) i7-4710MQ CPU @ 2.50GHz
stepping	: 3
microcode	: 0x17
cpu MHz		: 800.000
cache size	: 6144 KB
physical id	: 0
siblings	: 8
core id		: 1
cpu cores	: 4
apicid		: 3
initial apicid	: 3
fpu		: yes
fpu_exception	: yes
cpuid level	: 13
wp		: yes
flags		: fpu vme de pse tsc msr pae mce cx8 apic sep mtrr pge mca cmov pat pse36 clflush dts acpi mmx fxsr sse sse2 ss ht tm pbe syscall nx pdpe1gb rdtscp lm constant_tsc arch_perfmon pebs bts rep_good nopl xtopology nonstop_tsc aperfmperf eagerfpu pni pclmulqdq dtes64 monitor ds_cpl vmx est tm2 ssse3 fma cx16 xtpr pdcm pcid sse4_1 sse4_2 movbe popcnt tsc_deadline_timer aes xsave avx f16c rdrand lahf_lm abm ida arat epb xsaveopt pln pts dtherm tpr_shadow vnmi flexpriority ept vpid fsgsbase tsc_adjust bmi1 avx2 smep bmi2 erms invpcid
bogomips	: 4988.18
clflush size	: 64
cache_alignment	: 64
address sizes	: 39 bits physical, 48 bits virtual
power management:

processor	: 6
vendor_id	: GenuineIntel
cpu family	: 6
model		: 60
model name	: Intel(R) Core(TM) i7-4710MQ CPU @ 2.50GHz
stepping	: 3
microcode	: 0x17
cpu MHz		: 800.000
cache size	: 6144 KB
physical id	: 0
siblings	: 8
core id		: 2
cpu cores	: 4
apicid		: 5
initial apicid	: 5
fpu		: yes
fpu_exception	: yes
cpuid level	: 13
wp		: yes
flags		: fpu vme de pse tsc msr pae mce cx8 apic sep mtrr pge mca cmov pat pse36 clflush dts acpi mmx fxsr sse sse2 ss ht tm pbe syscall nx pdpe1gb rdtscp lm constant_tsc arch_perfmon pebs bts rep_good nopl xtopology nonstop_tsc aperfmperf eagerfpu pni pclmulqdq dtes64 monitor ds_cpl vmx est tm2 ssse3 fma cx16 xtpr pdcm pcid sse4_1 sse4_2 movbe popcnt tsc_deadline_timer aes xsave avx f16c rdrand lahf_lm abm ida arat epb xsaveopt pln pts dtherm tpr_shadow vnmi flexpriority ept vpid fsgsbase tsc_adjust bmi1 avx2 smep bmi2 erms invpcid
bogomips	: 4988.18
clflush size	: 64
cache_alignment	: 64
address sizes	: 39 bits physical, 48 bits virtual
power management:

processor	: 7
vendor_id	: GenuineIntel
cpu family	: 6
model		: 60
model name	: Intel(R) Core(TM) i7-4710MQ CPU @ 2.50GHz
stepping	: 3
microcode	: 0x17
cpu MHz		: 2501.000
cache size	: 6144 KB
physical id	: 0
siblings	: 8
core id		: 3
cpu cores	: 4
apicid		: 7
initial apicid	: 7
fpu		: yes
fpu_exception	: yes
cpuid level	: 13
wp		: yes
flags		: fpu vme de pse tsc msr pae mce cx8 apic sep mtrr pge mca cmov pat pse36 clflush dts acpi mmx fxsr sse sse2 ss ht tm pbe syscall nx pdpe1gb rdtscp lm constant_tsc arch_perfmon pebs bts rep_good nopl xtopology nonstop_tsc aperfmperf eagerfpu pni pclmulqdq dtes64 monitor ds_cpl vmx est tm2 ssse3 fma cx16 xtpr pdcm pcid sse4_1 sse4_2 movbe popcnt tsc_deadline_timer aes xsave avx f16c rdrand lahf_lm abm ida arat epb xsaveopt pln pts dtherm tpr_shadow vnmi flexpriority ept vpid fsgsbase tsc_adjust bmi1 avx2 smep bmi2 erms invpcid
bogomips	: 4988.18
clflush size	: 64
cache_alignment	: 64
address sizes	: 39 bits physical, 48 bits virtual
power management:



Memory: 4k page, physical 7998548k(109288k free), swap 0k(0k free)

vm_info: Java HotSpot(TM) 64-Bit Server VM (25.40-b25) for linux-amd64 JRE (1.8.0_40-b25), built on Feb 10 2015 21:29:53 by "java_re" with gcc 4.3.0 20080428 (Red Hat 4.3.0-8)

time: Mon Jul  6 17:23:12 2015
elapsed time: 0 seconds (0d 0h 0m 0s)

