#
# There is insufficient memory for the Java Runtime Environment to continue.
# Native memory allocation (mmap) failed to map 87031808 bytes for committing reserved memory.
# Possible reasons:
#   The system is out of physical RAM or swap space
#   In 32 bit mode, the process size limit was hit
# Possible solutions:
#   Reduce memory load on the system
#   Increase physical memory or swap space
#   Check if swap backing store is full
#   Use 64 bit Java on a 64 bit OS
#   Decrease Java heap size (-Xmx/-Xms)
#   Decrease number of Java threads
#   Decrease Java thread stack sizes (-Xss)
#   Set larger code cache with -XX:ReservedCodeCacheSize=
# This output file may be truncated or incomplete.
#
#  Out of Memory Error (os_linux.cpp:2673), pid=18579, tid=140451451234048
#
# JRE version:  (8.0_40-b25) (build )
# Java VM: Java HotSpot(TM) 64-Bit Server VM (25.40-b25 mixed mode linux-amd64 compressed oops)
# Failed to write core dump. Core dumps have been disabled. To enable core dumping, try "ulimit -c unlimited" before starting Java again
#

---------------  T H R E A D  ---------------

Current thread (0x00007fbd60009800):  JavaThread "Unknown thread" [_thread_in_vm, id=18581, stack(0x00007fbd66cbe000,0x00007fbd66dbf000)]

Stack: [0x00007fbd66cbe000,0x00007fbd66dbf000],  sp=0x00007fbd66dbd370,  free space=1020k
Native frames: (J=compiled Java code, j=interpreted, Vv=VM code, C=native code)
V  [libjvm.so+0xaaca9a]  VMError::report_and_die()+0x2ba
V  [libjvm.so+0x4f333b]  report_vm_out_of_memory(char const*, int, unsigned long, VMErrorType, char const*)+0x8b
V  [libjvm.so+0x90e8c3]  os::Linux::commit_memory_impl(char*, unsigned long, bool)+0x103
V  [libjvm.so+0x90ee19]  os::pd_commit_memory(char*, unsigned long, unsigned long, bool)+0x29
V  [libjvm.so+0x90877a]  os::commit_memory(char*, unsigned long, unsigned long, bool)+0x2a
V  [libjvm.so+0x97bbc3]  PSVirtualSpace::expand_by(unsigned long)+0x53
V  [libjvm.so+0x96bc77]  PSOldGen::initialize(ReservedSpace, unsigned long, char const*, int)+0xb7
V  [libjvm.so+0x2d4cda]  AdjoiningGenerations::AdjoiningGenerations(ReservedSpace, GenerationSizer*, unsigned long)+0x39a
V  [libjvm.so+0x931816]  ParallelScavengeHeap::initialize()+0x1d6
V  [libjvm.so+0xa75bab]  Universe::initialize_heap()+0xfb
V  [libjvm.so+0xa75f1e]  universe_init()+0x3e
V  [libjvm.so+0x62f665]  init_globals()+0x65
V  [libjvm.so+0xa5a12e]  Threads::create_vm(JavaVMInitArgs*, bool*)+0x23e
V  [libjvm.so+0x6c3274]  JNI_CreateJavaVM+0x74
C  [libjli.so+0x745e]  JavaMain+0x9e
C  [libpthread.so.0+0x8182]  start_thread+0xc2


---------------  P R O C E S S  ---------------

Java Threads: ( => current thread )

Other Threads:

=>0x00007fbd60009800 (exited) JavaThread "Unknown thread" [_thread_in_vm, id=18581, stack(0x00007fbd66cbe000,0x00007fbd66dbf000)]

VM state:not at safepoint (not fully initialized)

VM Mutex/Monitor currently owned by a thread: None

GC Heap History (0 events):
No events

Deoptimization events (0 events):
No events

Internal exceptions (0 events):
No events

Events (0 events):
No events


Dynamic libraries:
00400000-00401000 r-xp 00000000 08:02 797563                             /usr/lib/jvm/java-8-oracle/jre/bin/java
00600000-00601000 rw-p 00000000 08:02 797563                             /usr/lib/jvm/java-8-oracle/jre/bin/java
016e2000-01703000 rw-p 00000000 00:00 0                                  [heap]
8b100000-d7500000 ---p 00000000 00:00 0 
d7500000-d9e00000 rw-p 00000000 00:00 0 
d9e00000-100000000 ---p 00000000 00:00 0 
7fbd503cf000-7fbd50653000 rw-p 00000000 00:00 0 
7fbd50653000-7fbd508de000 ---p 00000000 00:00 0 
7fbd508de000-7fbd508f3000 rw-p 00000000 00:00 0 
7fbd508f3000-7fbd50a24000 ---p 00000000 00:00 0 
7fbd50a24000-7fbd50a2f000 rw-p 00000000 00:00 0 
7fbd50a2f000-7fbd50de5000 ---p 00000000 00:00 0 
7fbd50de5000-7fbd51055000 rwxp 00000000 00:00 0 
7fbd51055000-7fbd5fde5000 ---p 00000000 00:00 0 
7fbd5fde5000-7fbd5fdff000 r-xp 00000000 08:02 799176                     /usr/lib/jvm/java-8-oracle/jre/lib/amd64/libzip.so
7fbd5fdff000-7fbd5ffff000 ---p 0001a000 08:02 799176                     /usr/lib/jvm/java-8-oracle/jre/lib/amd64/libzip.so
7fbd5ffff000-7fbd60000000 rw-p 0001a000 08:02 799176                     /usr/lib/jvm/java-8-oracle/jre/lib/amd64/libzip.so
7fbd60000000-7fbd60032000 rw-p 00000000 00:00 0 
7fbd60032000-7fbd64000000 ---p 00000000 00:00 0 
7fbd6407a000-7fbd64085000 r-xp 00000000 08:02 396610                     /lib/x86_64-linux-gnu/libnss_files-2.19.so
7fbd64085000-7fbd64284000 ---p 0000b000 08:02 396610                     /lib/x86_64-linux-gnu/libnss_files-2.19.so
7fbd64284000-7fbd64285000 r--p 0000a000 08:02 396610                     /lib/x86_64-linux-gnu/libnss_files-2.19.so
7fbd64285000-7fbd64286000 rw-p 0000b000 08:02 396610                     /lib/x86_64-linux-gnu/libnss_files-2.19.so
7fbd64286000-7fbd64291000 r-xp 00000000 08:02 397125                     /lib/x86_64-linux-gnu/libnss_nis-2.19.so
7fbd64291000-7fbd64490000 ---p 0000b000 08:02 397125                     /lib/x86_64-linux-gnu/libnss_nis-2.19.so
7fbd64490000-7fbd64491000 r--p 0000a000 08:02 397125                     /lib/x86_64-linux-gnu/libnss_nis-2.19.so
7fbd64491000-7fbd64492000 rw-p 0000b000 08:02 397125                     /lib/x86_64-linux-gnu/libnss_nis-2.19.so
7fbd64492000-7fbd644a9000 r-xp 00000000 08:02 396794                     /lib/x86_64-linux-gnu/libnsl-2.19.so
7fbd644a9000-7fbd646a8000 ---p 00017000 08:02 396794                     /lib/x86_64-linux-gnu/libnsl-2.19.so
7fbd646a8000-7fbd646a9000 r--p 00016000 08:02 396794                     /lib/x86_64-linux-gnu/libnsl-2.19.so
7fbd646a9000-7fbd646aa000 rw-p 00017000 08:02 396794                     /lib/x86_64-linux-gnu/libnsl-2.19.so
7fbd646aa000-7fbd646ac000 rw-p 00000000 00:00 0 
7fbd646ac000-7fbd646b5000 r-xp 00000000 08:02 396787                     /lib/x86_64-linux-gnu/libnss_compat-2.19.so
7fbd646b5000-7fbd648b4000 ---p 00009000 08:02 396787                     /lib/x86_64-linux-gnu/libnss_compat-2.19.so
7fbd648b4000-7fbd648b5000 r--p 00008000 08:02 396787                     /lib/x86_64-linux-gnu/libnss_compat-2.19.so
7fbd648b5000-7fbd648b6000 rw-p 00009000 08:02 396787                     /lib/x86_64-linux-gnu/libnss_compat-2.19.so
7fbd648b6000-7fbd648e0000 r-xp 00000000 08:02 799472                     /usr/lib/jvm/java-8-oracle/jre/lib/amd64/libjava.so
7fbd648e0000-7fbd64ae0000 ---p 0002a000 08:02 799472                     /usr/lib/jvm/java-8-oracle/jre/lib/amd64/libjava.so
7fbd64ae0000-7fbd64ae2000 rw-p 0002a000 08:02 799472                     /usr/lib/jvm/java-8-oracle/jre/lib/amd64/libjava.so
7fbd64ae2000-7fbd64aef000 r-xp 00000000 08:02 799742                     /usr/lib/jvm/java-8-oracle/jre/lib/amd64/libverify.so
7fbd64aef000-7fbd64cef000 ---p 0000d000 08:02 799742                     /usr/lib/jvm/java-8-oracle/jre/lib/amd64/libverify.so
7fbd64cef000-7fbd64cf1000 rw-p 0000d000 08:02 799742                     /usr/lib/jvm/java-8-oracle/jre/lib/amd64/libverify.so
7fbd64cf1000-7fbd64cf8000 r-xp 00000000 08:02 397059                     /lib/x86_64-linux-gnu/librt-2.19.so
7fbd64cf8000-7fbd64ef7000 ---p 00007000 08:02 397059                     /lib/x86_64-linux-gnu/librt-2.19.so
7fbd64ef7000-7fbd64ef8000 r--p 00006000 08:02 397059                     /lib/x86_64-linux-gnu/librt-2.19.so
7fbd64ef8000-7fbd64ef9000 rw-p 00007000 08:02 397059                     /lib/x86_64-linux-gnu/librt-2.19.so
7fbd64ef9000-7fbd64ffe000 r-xp 00000000 08:02 396609                     /lib/x86_64-linux-gnu/libm-2.19.so
7fbd64ffe000-7fbd651fd000 ---p 00105000 08:02 396609                     /lib/x86_64-linux-gnu/libm-2.19.so
7fbd651fd000-7fbd651fe000 r--p 00104000 08:02 396609                     /lib/x86_64-linux-gnu/libm-2.19.so
7fbd651fe000-7fbd651ff000 rw-p 00105000 08:02 396609                     /lib/x86_64-linux-gnu/libm-2.19.so
7fbd651ff000-7fbd65ead000 r-xp 00000000 08:02 799619                     /usr/lib/jvm/java-8-oracle/jre/lib/amd64/server/libjvm.so
7fbd65ead000-7fbd660ac000 ---p 00cae000 08:02 799619                     /usr/lib/jvm/java-8-oracle/jre/lib/amd64/server/libjvm.so
7fbd660ac000-7fbd66183000 rw-p 00cad000 08:02 799619                     /usr/lib/jvm/java-8-oracle/jre/lib/amd64/server/libjvm.so
7fbd66183000-7fbd661c7000 rw-p 00000000 00:00 0 
7fbd661c7000-7fbd66382000 r-xp 00000000 08:02 396951                     /lib/x86_64-linux-gnu/libc-2.19.so
7fbd66382000-7fbd66581000 ---p 001bb000 08:02 396951                     /lib/x86_64-linux-gnu/libc-2.19.so
7fbd66581000-7fbd66585000 r--p 001ba000 08:02 396951                     /lib/x86_64-linux-gnu/libc-2.19.so
7fbd66585000-7fbd66587000 rw-p 001be000 08:02 396951                     /lib/x86_64-linux-gnu/libc-2.19.so
7fbd66587000-7fbd6658c000 rw-p 00000000 00:00 0 
7fbd6658c000-7fbd6658f000 r-xp 00000000 08:02 396722                     /lib/x86_64-linux-gnu/libdl-2.19.so
7fbd6658f000-7fbd6678e000 ---p 00003000 08:02 396722                     /lib/x86_64-linux-gnu/libdl-2.19.so
7fbd6678e000-7fbd6678f000 r--p 00002000 08:02 396722                     /lib/x86_64-linux-gnu/libdl-2.19.so
7fbd6678f000-7fbd66790000 rw-p 00003000 08:02 396722                     /lib/x86_64-linux-gnu/libdl-2.19.so
7fbd66790000-7fbd667a5000 r-xp 00000000 08:02 799464                     /usr/lib/jvm/java-8-oracle/jre/lib/amd64/jli/libjli.so
7fbd667a5000-7fbd669a5000 ---p 00015000 08:02 799464                     /usr/lib/jvm/java-8-oracle/jre/lib/amd64/jli/libjli.so
7fbd669a5000-7fbd669a6000 rw-p 00015000 08:02 799464                     /usr/lib/jvm/java-8-oracle/jre/lib/amd64/jli/libjli.so
7fbd669a6000-7fbd669bf000 r-xp 00000000 08:02 397029                     /lib/x86_64-linux-gnu/libpthread-2.19.so
7fbd669bf000-7fbd66bbe000 ---p 00019000 08:02 397029                     /lib/x86_64-linux-gnu/libpthread-2.19.so
7fbd66bbe000-7fbd66bbf000 r--p 00018000 08:02 397029                     /lib/x86_64-linux-gnu/libpthread-2.19.so
7fbd66bbf000-7fbd66bc0000 rw-p 00019000 08:02 397029                     /lib/x86_64-linux-gnu/libpthread-2.19.so
7fbd66bc0000-7fbd66bc4000 rw-p 00000000 00:00 0 
7fbd66bc4000-7fbd66be7000 r-xp 00000000 08:02 396813                     /lib/x86_64-linux-gnu/ld-2.19.so
7fbd66cbe000-7fbd66cc1000 ---p 00000000 00:00 0 
7fbd66cc1000-7fbd66dc3000 rw-p 00000000 00:00 0                          [stack:18581]
7fbd66dd7000-7fbd66dda000 rw-p 00000000 00:00 0 
7fbd66dda000-7fbd66de2000 rw-s 00000000 08:02 1829382                    /tmp/hsperfdata_zafercan/18579
7fbd66de2000-7fbd66de3000 rw-p 00000000 00:00 0 
7fbd66de3000-7fbd66de4000 r--p 00000000 00:00 0 
7fbd66de4000-7fbd66de6000 rw-p 00000000 00:00 0 
7fbd66de6000-7fbd66de7000 r--p 00022000 08:02 396813                     /lib/x86_64-linux-gnu/ld-2.19.so
7fbd66de7000-7fbd66de8000 rw-p 00023000 08:02 396813                     /lib/x86_64-linux-gnu/ld-2.19.so
7fbd66de8000-7fbd66de9000 rw-p 00000000 00:00 0 
7fff7b488000-7fff7b4aa000 rw-p 00000000 00:00 0                          [stack]
7fff7b527000-7fff7b529000 r-xp 00000000 00:00 0                          [vdso]
ffffffffff600000-ffffffffff601000 r-xp 00000000 00:00 0                  [vsyscall]

VM Arguments:
java_command: /home/zafercan/Android/Sdk/tools/lib/archquery.jar java.ext.dirs
java_class_path (initial): /home/zafercan/Android/Sdk/tools/lib/archquery.jar
Launcher Type: SUN_STANDARD

Environment Variables:
JAVA_HOME=/usr/lib/jvm/java-8-oracle
PATH=/home/zafercan/.rbenv/bin:/home/zafercan/.rvm/gems/ruby-2.2.1/bin:/home/zafercan/.rvm/gems/ruby-2.2.1@global/bin:/home/zafercan/.rvm/rubies/ruby-2.2.1/bin:/usr/local/sbin:/usr/local/bin:/usr/sbin:/usr/bin:/sbin:/bin:/usr/games:/usr/local/games:/home/zafercan/.rvm/bin:/home/zafercan/.rvm/bin:/home/zafercan/Android/Sdk/tools:/home/zafercan/Android/Sdk/platforms-tools{}:/home/zafercan/Android/Sdk/platform-tools/
USERNAME=zafercan
SHELL=/bin/bash
DISPLAY=:0

Signal Handlers:
SIGSEGV: [libjvm.so+0xaad2e0], sa_mask[0]=11111111011111111101111111111110, sa_flags=SA_RESTART|SA_SIGINFO
SIGBUS: [libjvm.so+0xaad2e0], sa_mask[0]=11111111011111111101111111111110, sa_flags=SA_RESTART|SA_SIGINFO
SIGFPE: [libjvm.so+0x90b550], sa_mask[0]=11111111011111111101111111111110, sa_flags=SA_RESTART|SA_SIGINFO
SIGPIPE: [libjvm.so+0x90b550], sa_mask[0]=11111111011111111101111111111110, sa_flags=SA_RESTART|SA_SIGINFO
SIGXFSZ: [libjvm.so+0x90b550], sa_mask[0]=11111111011111111101111111111110, sa_flags=SA_RESTART|SA_SIGINFO
SIGILL: [libjvm.so+0x90b550], sa_mask[0]=11111111011111111101111111111110, sa_flags=SA_RESTART|SA_SIGINFO
SIGUSR1: SIG_DFL, sa_mask[0]=00000000000000000000000000000000, sa_flags=none
SIGUSR2: [libjvm.so+0x90cb90], sa_mask[0]=00000000000000000000000000000000, sa_flags=SA_RESTART|SA_SIGINFO
SIGHUP: SIG_DFL, sa_mask[0]=00000000000000000000000000000000, sa_flags=none
SIGINT: SIG_DFL, sa_mask[0]=00000000000000000000000000000000, sa_flags=none
SIGTERM: SIG_DFL, sa_mask[0]=00000000000000000000000000000000, sa_flags=none
SIGQUIT: SIG_DFL, sa_mask[0]=00000000000000000000000000000000, sa_flags=none


---------------  S Y S T E M  ---------------

OS:DISTRIB_ID=LinuxMint
DISTRIB_RELEASE=17.1
DISTRIB_CODENAME=rebecca
DISTRIB_DESCRIPTION="Linux Mint 17.1 Rebecca"

uname:Linux 3.13.0-37-generic #64-Ubuntu SMP Mon Sep 22 21:28:38 UTC 2014 x86_64
libc:glibc 2.19 NPTL 2.19 
rlimit: STACK 8192k, CORE 0k, NPROC 62245, NOFILE 4096, AS infinity
load average:0.59 0.70 0.73

/proc/meminfo:
MemTotal:        7998548 kB
MemFree:          126076 kB
Buffers:            5876 kB
Cached:          2946740 kB
SwapCached:            0 kB
Active:          4112400 kB
Inactive:        2922680 kB
Active(anon):    4087392 kB
Inactive(anon):  2896544 kB
Active(file):      25008 kB
Inactive(file):    26136 kB
Unevictable:           0 kB
Mlocked:               0 kB
SwapTotal:             0 kB
SwapFree:              0 kB
Dirty:              2440 kB
Writeback:             0 kB
AnonPages:       4083084 kB
Mapped:          2163172 kB
Shmem:           2900860 kB
Slab:             103444 kB
SReclaimable:      43692 kB
SUnreclaim:        59752 kB
KernelStack:        5992 kB
PageTables:        50088 kB
NFS_Unstable:          0 kB
Bounce:                0 kB
WritebackTmp:          0 kB
CommitLimit:     3999272 kB
Committed_AS:   11679428 kB
VmallocTotal:   34359738367 kB
VmallocUsed:      360804 kB
VmallocChunk:   34359367036 kB
HardwareCorrupted:     0 kB
AnonHugePages:   1374208 kB
HugePages_Total:       0
HugePages_Free:        0
HugePages_Rsvd:        0
HugePages_Surp:        0
Hugepagesize:       2048 kB
DirectMap4k:       88432 kB
DirectMap2M:     2877440 kB
DirectMap1G:     5242880 kB


CPU:total 8 (4 cores per cpu, 2 threads per core) family 6 model 60 stepping 3, cmov, cx8, fxsr, mmx, sse, sse2, sse3, ssse3, sse4.1, sse4.2, popcnt, avx, avx2, aes, clmul, erms, lzcnt, ht, tsc, tscinvbit, bmi1, bmi2

/proc/cpuinfo:
processor	: 0
vendor_id	: GenuineIntel
cpu family	: 6
model		: 60
model name	: Intel(R) Core(TM) i7-4710MQ CPU @ 2.50GHz
stepping	: 3
microcode	: 0x17
cpu MHz		: 2000.000
cache size	: 6144 KB
physical id	: 0
siblings	: 8
core id		: 0
cpu cores	: 4
apicid		: 0
initial apicid	: 0
fpu		: yes
fpu_exception	: yes
cpuid level	: 13
wp		: yes
flags		: fpu vme de pse tsc msr pae mce cx8 apic sep mtrr pge mca cmov pat pse36 clflush dts acpi mmx fxsr sse sse2 ss ht tm pbe syscall nx pdpe1gb rdtscp lm constant_tsc arch_perfmon pebs bts rep_good nopl xtopology nonstop_tsc aperfmperf eagerfpu pni pclmulqdq dtes64 monitor ds_cpl vmx est tm2 ssse3 fma cx16 xtpr pdcm pcid sse4_1 sse4_2 movbe popcnt tsc_deadline_timer aes xsave avx f16c rdrand lahf_lm abm ida arat epb xsaveopt pln pts dtherm tpr_shadow vnmi flexpriority ept vpid fsgsbase tsc_adjust bmi1 avx2 smep bmi2 erms invpcid
bogomips	: 4988.18
clflush size	: 64
cache_alignment	: 64
address sizes	: 39 bits physical, 48 bits virtual
power management:

processor	: 1
vendor_id	: GenuineIntel
cpu family	: 6
model		: 60
model name	: Intel(R) Core(TM) i7-4710MQ CPU @ 2.50GHz
stepping	: 3
microcode	: 0x17
cpu MHz		: 800.000
cache size	: 6144 KB
physical id	: 0
siblings	: 8
core id		: 1
cpu cores	: 4
apicid		: 2
initial apicid	: 2
fpu		: yes
fpu_exception	: yes
cpuid level	: 13
wp		: yes
flags		: fpu vme de pse tsc msr pae mce cx8 apic sep mtrr pge mca cmov pat pse36 clflush dts acpi mmx fxsr sse sse2 ss ht tm pbe syscall nx pdpe1gb rdtscp lm constant_tsc arch_perfmon pebs bts rep_good nopl xtopology nonstop_tsc aperfmperf eagerfpu pni pclmulqdq dtes64 monitor ds_cpl vmx est tm2 ssse3 fma cx16 xtpr pdcm pcid sse4_1 sse4_2 movbe popcnt tsc_deadline_timer aes xsave avx f16c rdrand lahf_lm abm ida arat epb xsaveopt pln pts dtherm tpr_shadow vnmi flexpriority ept vpid fsgsbase tsc_adjust bmi1 avx2 smep bmi2 erms invpcid
bogomips	: 4988.18
clflush size	: 64
cache_alignment	: 64
address sizes	: 39 bits physical, 48 bits virtual
power management:

processor	: 2
vendor_id	: GenuineIntel
cpu family	: 6
model		: 60
model name	: Intel(R) Core(TM) i7-4710MQ CPU @ 2.50GHz
stepping	: 3
microcode	: 0x17
cpu MHz		: 800.000
cache size	: 6144 KB
physical id	: 0
siblings	: 8
core id		: 2
cpu cores	: 4
apicid		: 4
initial apicid	: 4
fpu		: yes
fpu_exception	: yes
cpuid level	: 13
wp		: yes
flags		: fpu vme de pse tsc msr pae mce cx8 apic sep mtrr pge mca cmov pat pse36 clflush dts acpi mmx fxsr sse sse2 ss ht tm pbe syscall nx pdpe1gb rdtscp lm constant_tsc arch_perfmon pebs bts rep_good nopl xtopology nonstop_tsc aperfmperf eagerfpu pni pclmulqdq dtes64 monitor ds_cpl vmx est tm2 ssse3 fma cx16 xtpr pdcm pcid sse4_1 sse4_2 movbe popcnt tsc_deadline_timer aes xsave avx f16c rdrand lahf_lm abm ida arat epb xsaveopt pln pts dtherm tpr_shadow vnmi flexpriority ept vpid fsgsbase tsc_adjust bmi1 avx2 smep bmi2 erms invpcid
bogomips	: 4988.18
clflush size	: 64
cache_alignment	: 64
address sizes	: 39 bits physical, 48 bits virtual
power management:

processor	: 3
vendor_id	: GenuineIntel
cpu family	: 6
model		: 60
model name	: Intel(R) Core(TM) i7-4710MQ CPU @ 2.50GHz
stepping	: 3
microcode	: 0x17
cpu MHz		: 800.000
cache size	: 6144 KB
physical id	: 0
siblings	: 8
core id		: 3
cpu cores	: 4
apicid		: 6
initial apicid	: 6
fpu		: yes
fpu_exception	: yes
cpuid level	: 13
wp		: yes
flags		: fpu vme de pse tsc msr pae mce cx8 apic sep mtrr pge mca cmov pat pse36 clflush dts acpi mmx fxsr sse sse2 ss ht tm pbe syscall nx pdpe1gb rdtscp lm constant_tsc arch_perfmon pebs bts rep_good nopl xtopology nonstop_tsc aperfmperf eagerfpu pni pclmulqdq dtes64 monitor ds_cpl vmx est tm2 ssse3 fma cx16 xtpr pdcm pcid sse4_1 sse4_2 movbe popcnt tsc_deadline_timer aes xsave avx f16c rdrand lahf_lm abm ida arat epb xsaveopt pln pts dtherm tpr_shadow vnmi flexpriority ept vpid fsgsbase tsc_adjust bmi1 avx2 smep bmi2 erms invpcid
bogomips	: 4988.18
clflush size	: 64
cache_alignment	: 64
address sizes	: 39 bits physical, 48 bits virtual
power management:

processor	: 4
vendor_id	: GenuineIntel
cpu family	: 6
model		: 60
model name	: Intel(R) Core(TM) i7-4710MQ CPU @ 2.50GHz
stepping	: 3
microcode	: 0x17
cpu MHz		: 800.000
cache size	: 6144 KB
physical id	: 0
siblings	: 8
core id		: 0
cpu cores	: 4
apicid		: 1
initial apicid	: 1
fpu		: yes
fpu_exception	: yes
cpuid level	: 13
wp		: yes
flags		: fpu vme de pse tsc msr pae mce cx8 apic sep mtrr pge mca cmov pat pse36 clflush dts acpi mmx fxsr sse sse2 ss ht tm pbe syscall nx pdpe1gb rdtscp lm constant_tsc arch_perfmon pebs bts rep_good nopl xtopology nonstop_tsc aperfmperf eagerfpu pni pclmulqdq dtes64 monitor ds_cpl vmx est tm2 ssse3 fma cx16 xtpr pdcm pcid sse4_1 sse4_2 movbe popcnt tsc_deadline_timer aes xsave avx f16c rdrand lahf_lm abm ida arat epb xsaveopt pln pts dtherm tpr_shadow vnmi flexpriority ept vpid fsgsbase tsc_adjust bmi1 avx2 smep bmi2 erms invpcid
bogomips	: 4988.18
clflush size	: 64
cache_alignment	: 64
address sizes	: 39 bits physical, 48 bits virtual
power management:

processor	: 5
vendor_id	: GenuineIntel
cpu family	: 6
model		: 60
model name	: Intel(R) Core(TM) i7-4710MQ CPU @ 2.50GHz
stepping	: 3
microcode	: 0x17
cpu MHz		: 800.000
cache size	: 6144 KB
physical id	: 0
siblings	: 8
core id		: 1
cpu cores	: 4
apicid		: 3
initial apicid	: 3
fpu		: yes
fpu_exception	: yes
cpuid level	: 13
wp		: yes
flags		: fpu vme de pse tsc msr pae mce cx8 apic sep mtrr pge mca cmov pat pse36 clflush dts acpi mmx fxsr sse sse2 ss ht tm pbe syscall nx pdpe1gb rdtscp lm constant_tsc arch_perfmon pebs bts rep_good nopl xtopology nonstop_tsc aperfmperf eagerfpu pni pclmulqdq dtes64 monitor ds_cpl vmx est tm2 ssse3 fma cx16 xtpr pdcm pcid sse4_1 sse4_2 movbe popcnt tsc_deadline_timer aes xsave avx f16c rdrand lahf_lm abm ida arat epb xsaveopt pln pts dtherm tpr_shadow vnmi flexpriority ept vpid fsgsbase tsc_adjust bmi1 avx2 smep bmi2 erms invpcid
bogomips	: 4988.18
clflush size	: 64
cache_alignment	: 64
address sizes	: 39 bits physical, 48 bits virtual
power management:

processor	: 6
vendor_id	: GenuineIntel
cpu family	: 6
model		: 60
model name	: Intel(R) Core(TM) i7-4710MQ CPU @ 2.50GHz
stepping	: 3
microcode	: 0x17
cpu MHz		: 800.000
cache size	: 6144 KB
physical id	: 0
siblings	: 8
core id		: 2
cpu cores	: 4
apicid		: 5
initial apicid	: 5
fpu		: yes
fpu_exception	: yes
cpuid level	: 13
wp		: yes
flags		: fpu vme de pse tsc msr pae mce cx8 apic sep mtrr pge mca cmov pat pse36 clflush dts acpi mmx fxsr sse sse2 ss ht tm pbe syscall nx pdpe1gb rdtscp lm constant_tsc arch_perfmon pebs bts rep_good nopl xtopology nonstop_tsc aperfmperf eagerfpu pni pclmulqdq dtes64 monitor ds_cpl vmx est tm2 ssse3 fma cx16 xtpr pdcm pcid sse4_1 sse4_2 movbe popcnt tsc_deadline_timer aes xsave avx f16c rdrand lahf_lm abm ida arat epb xsaveopt pln pts dtherm tpr_shadow vnmi flexpriority ept vpid fsgsbase tsc_adjust bmi1 avx2 smep bmi2 erms invpcid
bogomips	: 4988.18
clflush size	: 64
cache_alignment	: 64
address sizes	: 39 bits physical, 48 bits virtual
power management:

processor	: 7
vendor_id	: GenuineIntel
cpu family	: 6
model		: 60
model name	: Intel(R) Core(TM) i7-4710MQ CPU @ 2.50GHz
stepping	: 3
microcode	: 0x17
cpu MHz		: 2501.000
cache size	: 6144 KB
physical id	: 0
siblings	: 8
core id		: 3
cpu cores	: 4
apicid		: 7
initial apicid	: 7
fpu		: yes
fpu_exception	: yes
cpuid level	: 13
wp		: yes
flags		: fpu vme de pse tsc msr pae mce cx8 apic sep mtrr pge mca cmov pat pse36 clflush dts acpi mmx fxsr sse sse2 ss ht tm pbe syscall nx pdpe1gb rdtscp lm constant_tsc arch_perfmon pebs bts rep_good nopl xtopology nonstop_tsc aperfmperf eagerfpu pni pclmulqdq dtes64 monitor ds_cpl vmx est tm2 ssse3 fma cx16 xtpr pdcm pcid sse4_1 sse4_2 movbe popcnt tsc_deadline_timer aes xsave avx f16c rdrand lahf_lm abm ida arat epb xsaveopt pln pts dtherm tpr_shadow vnmi flexpriority ept vpid fsgsbase tsc_adjust bmi1 avx2 smep bmi2 erms invpcid
bogomips	: 4988.18
clflush size	: 64
cache_alignment	: 64
address sizes	: 39 bits physical, 48 bits virtual
power management:



Memory: 4k page, physical 7998548k(126076k free), swap 0k(0k free)

vm_info: Java HotSpot(TM) 64-Bit Server VM (25.40-b25) for linux-amd64 JRE (1.8.0_40-b25), built on Feb 10 2015 21:29:53 by "java_re" with gcc 4.3.0 20080428 (Red Hat 4.3.0-8)

time: Mon Jul  6 17:23:33 2015
elapsed time: 0 seconds (0d 0h 0m 0s)

