#
# There is insufficient memory for the Java Runtime Environment to continue.
# Native memory allocation (mmap) failed to map 87031808 bytes for committing reserved memory.
# Possible reasons:
#   The system is out of physical RAM or swap space
#   In 32 bit mode, the process size limit was hit
# Possible solutions:
#   Reduce memory load on the system
#   Increase physical memory or swap space
#   Check if swap backing store is full
#   Use 64 bit Java on a 64 bit OS
#   Decrease Java heap size (-Xmx/-Xms)
#   Decrease number of Java threads
#   Decrease Java thread stack sizes (-Xss)
#   Set larger code cache with -XX:ReservedCodeCacheSize=
# This output file may be truncated or incomplete.
#
#  Out of Memory Error (os_linux.cpp:2673), pid=19967, tid=139761912751872
#
# JRE version:  (8.0_40-b25) (build )
# Java VM: Java HotSpot(TM) 64-Bit Server VM (25.40-b25 mixed mode linux-amd64 compressed oops)
# Failed to write core dump. Core dumps have been disabled. To enable core dumping, try "ulimit -c unlimited" before starting Java again
#

---------------  T H R E A D  ---------------

Current thread (0x00007f1cd4009800):  JavaThread "Unknown thread" [_thread_in_vm, id=19970, stack(0x00007f1cdb19a000,0x00007f1cdb29b000)]

Stack: [0x00007f1cdb19a000,0x00007f1cdb29b000],  sp=0x00007f1cdb299370,  free space=1020k
Native frames: (J=compiled Java code, j=interpreted, Vv=VM code, C=native code)
V  [libjvm.so+0xaaca9a]  VMError::report_and_die()+0x2ba
V  [libjvm.so+0x4f333b]  report_vm_out_of_memory(char const*, int, unsigned long, VMErrorType, char const*)+0x8b
V  [libjvm.so+0x90e8c3]  os::Linux::commit_memory_impl(char*, unsigned long, bool)+0x103
V  [libjvm.so+0x90ee19]  os::pd_commit_memory(char*, unsigned long, unsigned long, bool)+0x29
V  [libjvm.so+0x90877a]  os::commit_memory(char*, unsigned long, unsigned long, bool)+0x2a
V  [libjvm.so+0x97bbc3]  PSVirtualSpace::expand_by(unsigned long)+0x53
V  [libjvm.so+0x96bc77]  PSOldGen::initialize(ReservedSpace, unsigned long, char const*, int)+0xb7
V  [libjvm.so+0x2d4cda]  AdjoiningGenerations::AdjoiningGenerations(ReservedSpace, GenerationSizer*, unsigned long)+0x39a
V  [libjvm.so+0x931816]  ParallelScavengeHeap::initialize()+0x1d6
V  [libjvm.so+0xa75bab]  Universe::initialize_heap()+0xfb
V  [libjvm.so+0xa75f1e]  universe_init()+0x3e
V  [libjvm.so+0x62f665]  init_globals()+0x65
V  [libjvm.so+0xa5a12e]  Threads::create_vm(JavaVMInitArgs*, bool*)+0x23e
V  [libjvm.so+0x6c3274]  JNI_CreateJavaVM+0x74
C  [libjli.so+0x745e]  JavaMain+0x9e
C  [libpthread.so.0+0x8182]  start_thread+0xc2


---------------  P R O C E S S  ---------------

Java Threads: ( => current thread )

Other Threads:

=>0x00007f1cd4009800 (exited) JavaThread "Unknown thread" [_thread_in_vm, id=19970, stack(0x00007f1cdb19a000,0x00007f1cdb29b000)]

VM state:not at safepoint (not fully initialized)

VM Mutex/Monitor currently owned by a thread: None

GC Heap History (0 events):
No events

Deoptimization events (0 events):
No events

Internal exceptions (0 events):
No events

Events (0 events):
No events


Dynamic libraries:
00400000-00401000 r-xp 00000000 08:02 797563                             /usr/lib/jvm/java-8-oracle/jre/bin/java
00600000-00601000 rw-p 00000000 08:02 797563                             /usr/lib/jvm/java-8-oracle/jre/bin/java
01f15000-01f36000 rw-p 00000000 00:00 0                                  [heap]
8b100000-d7500000 ---p 00000000 00:00 0 
d7500000-d9e00000 rw-p 00000000 00:00 0 
d9e00000-100000000 ---p 00000000 00:00 0 
7f1cc486e000-7f1cc4af9000 ---p 00000000 00:00 0 
7f1cc4af9000-7f1cc4b0e000 rw-p 00000000 00:00 0 
7f1cc4b0e000-7f1cc4c3f000 ---p 00000000 00:00 0 
7f1cc4c3f000-7f1cc4c4a000 rw-p 00000000 00:00 0 
7f1cc4c4a000-7f1cc5000000 ---p 00000000 00:00 0 
7f1cc5000000-7f1cc5270000 rwxp 00000000 00:00 0 
7f1cc5270000-7f1cd4000000 ---p 00000000 00:00 0 
7f1cd4000000-7f1cd4032000 rw-p 00000000 00:00 0 
7f1cd4032000-7f1cd8000000 ---p 00000000 00:00 0 
7f1cd80b7000-7f1cd833b000 rw-p 00000000 00:00 0 
7f1cd833b000-7f1cd8355000 r-xp 00000000 08:02 799176                     /usr/lib/jvm/java-8-oracle/jre/lib/amd64/libzip.so
7f1cd8355000-7f1cd8555000 ---p 0001a000 08:02 799176                     /usr/lib/jvm/java-8-oracle/jre/lib/amd64/libzip.so
7f1cd8555000-7f1cd8556000 rw-p 0001a000 08:02 799176                     /usr/lib/jvm/java-8-oracle/jre/lib/amd64/libzip.so
7f1cd8556000-7f1cd8561000 r-xp 00000000 08:02 396610                     /lib/x86_64-linux-gnu/libnss_files-2.19.so
7f1cd8561000-7f1cd8760000 ---p 0000b000 08:02 396610                     /lib/x86_64-linux-gnu/libnss_files-2.19.so
7f1cd8760000-7f1cd8761000 r--p 0000a000 08:02 396610                     /lib/x86_64-linux-gnu/libnss_files-2.19.so
7f1cd8761000-7f1cd8762000 rw-p 0000b000 08:02 396610                     /lib/x86_64-linux-gnu/libnss_files-2.19.so
7f1cd8762000-7f1cd876d000 r-xp 00000000 08:02 397125                     /lib/x86_64-linux-gnu/libnss_nis-2.19.so
7f1cd876d000-7f1cd896c000 ---p 0000b000 08:02 397125                     /lib/x86_64-linux-gnu/libnss_nis-2.19.so
7f1cd896c000-7f1cd896d000 r--p 0000a000 08:02 397125                     /lib/x86_64-linux-gnu/libnss_nis-2.19.so
7f1cd896d000-7f1cd896e000 rw-p 0000b000 08:02 397125                     /lib/x86_64-linux-gnu/libnss_nis-2.19.so
7f1cd896e000-7f1cd8985000 r-xp 00000000 08:02 396794                     /lib/x86_64-linux-gnu/libnsl-2.19.so
7f1cd8985000-7f1cd8b84000 ---p 00017000 08:02 396794                     /lib/x86_64-linux-gnu/libnsl-2.19.so
7f1cd8b84000-7f1cd8b85000 r--p 00016000 08:02 396794                     /lib/x86_64-linux-gnu/libnsl-2.19.so
7f1cd8b85000-7f1cd8b86000 rw-p 00017000 08:02 396794                     /lib/x86_64-linux-gnu/libnsl-2.19.so
7f1cd8b86000-7f1cd8b88000 rw-p 00000000 00:00 0 
7f1cd8b88000-7f1cd8b91000 r-xp 00000000 08:02 396787                     /lib/x86_64-linux-gnu/libnss_compat-2.19.so
7f1cd8b91000-7f1cd8d90000 ---p 00009000 08:02 396787                     /lib/x86_64-linux-gnu/libnss_compat-2.19.so
7f1cd8d90000-7f1cd8d91000 r--p 00008000 08:02 396787                     /lib/x86_64-linux-gnu/libnss_compat-2.19.so
7f1cd8d91000-7f1cd8d92000 rw-p 00009000 08:02 396787                     /lib/x86_64-linux-gnu/libnss_compat-2.19.so
7f1cd8d92000-7f1cd8dbc000 r-xp 00000000 08:02 799472                     /usr/lib/jvm/java-8-oracle/jre/lib/amd64/libjava.so
7f1cd8dbc000-7f1cd8fbc000 ---p 0002a000 08:02 799472                     /usr/lib/jvm/java-8-oracle/jre/lib/amd64/libjava.so
7f1cd8fbc000-7f1cd8fbe000 rw-p 0002a000 08:02 799472                     /usr/lib/jvm/java-8-oracle/jre/lib/amd64/libjava.so
7f1cd8fbe000-7f1cd8fcb000 r-xp 00000000 08:02 799742                     /usr/lib/jvm/java-8-oracle/jre/lib/amd64/libverify.so
7f1cd8fcb000-7f1cd91cb000 ---p 0000d000 08:02 799742                     /usr/lib/jvm/java-8-oracle/jre/lib/amd64/libverify.so
7f1cd91cb000-7f1cd91cd000 rw-p 0000d000 08:02 799742                     /usr/lib/jvm/java-8-oracle/jre/lib/amd64/libverify.so
7f1cd91cd000-7f1cd91d4000 r-xp 00000000 08:02 397059                     /lib/x86_64-linux-gnu/librt-2.19.so
7f1cd91d4000-7f1cd93d3000 ---p 00007000 08:02 397059                     /lib/x86_64-linux-gnu/librt-2.19.so
7f1cd93d3000-7f1cd93d4000 r--p 00006000 08:02 397059                     /lib/x86_64-linux-gnu/librt-2.19.so
7f1cd93d4000-7f1cd93d5000 rw-p 00007000 08:02 397059                     /lib/x86_64-linux-gnu/librt-2.19.so
7f1cd93d5000-7f1cd94da000 r-xp 00000000 08:02 396609                     /lib/x86_64-linux-gnu/libm-2.19.so
7f1cd94da000-7f1cd96d9000 ---p 00105000 08:02 396609                     /lib/x86_64-linux-gnu/libm-2.19.so
7f1cd96d9000-7f1cd96da000 r--p 00104000 08:02 396609                     /lib/x86_64-linux-gnu/libm-2.19.so
7f1cd96da000-7f1cd96db000 rw-p 00105000 08:02 396609                     /lib/x86_64-linux-gnu/libm-2.19.so
7f1cd96db000-7f1cda389000 r-xp 00000000 08:02 799619                     /usr/lib/jvm/java-8-oracle/jre/lib/amd64/server/libjvm.so
7f1cda389000-7f1cda588000 ---p 00cae000 08:02 799619                     /usr/lib/jvm/java-8-oracle/jre/lib/amd64/server/libjvm.so
7f1cda588000-7f1cda65f000 rw-p 00cad000 08:02 799619                     /usr/lib/jvm/java-8-oracle/jre/lib/amd64/server/libjvm.so
7f1cda65f000-7f1cda6a3000 rw-p 00000000 00:00 0 
7f1cda6a3000-7f1cda85e000 r-xp 00000000 08:02 396951                     /lib/x86_64-linux-gnu/libc-2.19.so
7f1cda85e000-7f1cdaa5d000 ---p 001bb000 08:02 396951                     /lib/x86_64-linux-gnu/libc-2.19.so
7f1cdaa5d000-7f1cdaa61000 r--p 001ba000 08:02 396951                     /lib/x86_64-linux-gnu/libc-2.19.so
7f1cdaa61000-7f1cdaa63000 rw-p 001be000 08:02 396951                     /lib/x86_64-linux-gnu/libc-2.19.so
7f1cdaa63000-7f1cdaa68000 rw-p 00000000 00:00 0 
7f1cdaa68000-7f1cdaa6b000 r-xp 00000000 08:02 396722                     /lib/x86_64-linux-gnu/libdl-2.19.so
7f1cdaa6b000-7f1cdac6a000 ---p 00003000 08:02 396722                     /lib/x86_64-linux-gnu/libdl-2.19.so
7f1cdac6a000-7f1cdac6b000 r--p 00002000 08:02 396722                     /lib/x86_64-linux-gnu/libdl-2.19.so
7f1cdac6b000-7f1cdac6c000 rw-p 00003000 08:02 396722                     /lib/x86_64-linux-gnu/libdl-2.19.so
7f1cdac6c000-7f1cdac81000 r-xp 00000000 08:02 799464                     /usr/lib/jvm/java-8-oracle/jre/lib/amd64/jli/libjli.so
7f1cdac81000-7f1cdae81000 ---p 00015000 08:02 799464                     /usr/lib/jvm/java-8-oracle/jre/lib/amd64/jli/libjli.so
7f1cdae81000-7f1cdae82000 rw-p 00015000 08:02 799464                     /usr/lib/jvm/java-8-oracle/jre/lib/amd64/jli/libjli.so
7f1cdae82000-7f1cdae9b000 r-xp 00000000 08:02 397029                     /lib/x86_64-linux-gnu/libpthread-2.19.so
7f1cdae9b000-7f1cdb09a000 ---p 00019000 08:02 397029                     /lib/x86_64-linux-gnu/libpthread-2.19.so
7f1cdb09a000-7f1cdb09b000 r--p 00018000 08:02 397029                     /lib/x86_64-linux-gnu/libpthread-2.19.so
7f1cdb09b000-7f1cdb09c000 rw-p 00019000 08:02 397029                     /lib/x86_64-linux-gnu/libpthread-2.19.so
7f1cdb09c000-7f1cdb0a0000 rw-p 00000000 00:00 0 
7f1cdb0a0000-7f1cdb0c3000 r-xp 00000000 08:02 396813                     /lib/x86_64-linux-gnu/ld-2.19.so
7f1cdb19a000-7f1cdb19d000 ---p 00000000 00:00 0 
7f1cdb19d000-7f1cdb29f000 rw-p 00000000 00:00 0                          [stack:19970]
7f1cdb2b3000-7f1cdb2b6000 rw-p 00000000 00:00 0 
7f1cdb2b6000-7f1cdb2be000 rw-s 00000000 08:02 1436479                    /tmp/hsperfdata_zafercan/19967
7f1cdb2be000-7f1cdb2bf000 rw-p 00000000 00:00 0 
7f1cdb2bf000-7f1cdb2c0000 r--p 00000000 00:00 0 
7f1cdb2c0000-7f1cdb2c2000 rw-p 00000000 00:00 0 
7f1cdb2c2000-7f1cdb2c3000 r--p 00022000 08:02 396813                     /lib/x86_64-linux-gnu/ld-2.19.so
7f1cdb2c3000-7f1cdb2c4000 rw-p 00023000 08:02 396813                     /lib/x86_64-linux-gnu/ld-2.19.so
7f1cdb2c4000-7f1cdb2c5000 rw-p 00000000 00:00 0 
7fff86bbd000-7fff86bdf000 rw-p 00000000 00:00 0                          [stack]
7fff86bfe000-7fff86c00000 r-xp 00000000 00:00 0                          [vdso]
ffffffffff600000-ffffffffff601000 r-xp 00000000 00:00 0                  [vsyscall]

VM Arguments:
java_command: /home/zafercan/Android/Sdk/tools/lib/archquery.jar java.ext.dirs
java_class_path (initial): /home/zafercan/Android/Sdk/tools/lib/archquery.jar
Launcher Type: SUN_STANDARD

Environment Variables:
JAVA_HOME=/usr/lib/jvm/java-8-oracle
PATH=/home/zafercan/.rbenv/bin:/home/zafercan/.rvm/gems/ruby-2.2.1/bin:/home/zafercan/.rvm/gems/ruby-2.2.1@global/bin:/home/zafercan/.rvm/rubies/ruby-2.2.1/bin:/usr/local/sbin:/usr/local/bin:/usr/sbin:/usr/bin:/sbin:/bin:/usr/games:/usr/local/games:/home/zafercan/.rvm/bin:/home/zafercan/.rvm/bin:/home/zafercan/Android/Sdk/tools:/home/zafercan/Android/Sdk/platforms-tools{}:/home/zafercan/Android/Sdk/platform-tools/
USERNAME=zafercan
SHELL=/bin/bash
DISPLAY=:0

Signal Handlers:
SIGSEGV: [libjvm.so+0xaad2e0], sa_mask[0]=11111111011111111101111111111110, sa_flags=SA_RESTART|SA_SIGINFO
SIGBUS: [libjvm.so+0xaad2e0], sa_mask[0]=11111111011111111101111111111110, sa_flags=SA_RESTART|SA_SIGINFO
SIGFPE: [libjvm.so+0x90b550], sa_mask[0]=11111111011111111101111111111110, sa_flags=SA_RESTART|SA_SIGINFO
SIGPIPE: [libjvm.so+0x90b550], sa_mask[0]=11111111011111111101111111111110, sa_flags=SA_RESTART|SA_SIGINFO
SIGXFSZ: [libjvm.so+0x90b550], sa_mask[0]=11111111011111111101111111111110, sa_flags=SA_RESTART|SA_SIGINFO
SIGILL: [libjvm.so+0x90b550], sa_mask[0]=11111111011111111101111111111110, sa_flags=SA_RESTART|SA_SIGINFO
SIGUSR1: SIG_DFL, sa_mask[0]=00000000000000000000000000000000, sa_flags=none
SIGUSR2: [libjvm.so+0x90cb90], sa_mask[0]=00000000000000000000000000000000, sa_flags=SA_RESTART|SA_SIGINFO
SIGHUP: SIG_DFL, sa_mask[0]=00000000000000000000000000000000, sa_flags=none
SIGINT: SIG_DFL, sa_mask[0]=00000000000000000000000000000000, sa_flags=none
SIGTERM: SIG_DFL, sa_mask[0]=00000000000000000000000000000000, sa_flags=none
SIGQUIT: SIG_DFL, sa_mask[0]=00000000000000000000000000000000, sa_flags=none


---------------  S Y S T E M  ---------------

OS:DISTRIB_ID=LinuxMint
DISTRIB_RELEASE=17.1
DISTRIB_CODENAME=rebecca
DISTRIB_DESCRIPTION="Linux Mint 17.1 Rebecca"

uname:Linux 3.13.0-37-generic #64-Ubuntu SMP Mon Sep 22 21:28:38 UTC 2014 x86_64
libc:glibc 2.19 NPTL 2.19 
rlimit: STACK 8192k, CORE 0k, NPROC 62245, NOFILE 4096, AS infinity
load average:9.31 3.26 1.60

/proc/meminfo:
MemTotal:        7998548 kB
MemFree:          119888 kB
Buffers:             596 kB
Cached:          3788064 kB
SwapCached:            0 kB
Active:          3281700 kB
Inactive:        3783400 kB
Active(anon):    3279488 kB
Inactive(anon):  3747752 kB
Active(file):       2212 kB
Inactive(file):    35648 kB
Unevictable:           0 kB
Mlocked:               0 kB
SwapTotal:             0 kB
SwapFree:              0 kB
Dirty:               180 kB
Writeback:             0 kB
AnonPages:       3277000 kB
Mapped:          2602452 kB
Shmem:           3750240 kB
Slab:             107412 kB
SReclaimable:      43680 kB
SUnreclaim:        63732 kB
KernelStack:        5032 kB
PageTables:        41592 kB
NFS_Unstable:          0 kB
Bounce:                0 kB
WritebackTmp:          0 kB
CommitLimit:     3999272 kB
Committed_AS:   10040764 kB
VmallocTotal:   34359738367 kB
VmallocUsed:      360924 kB
VmallocChunk:   34359367292 kB
HardwareCorrupted:     0 kB
AnonHugePages:   1871872 kB
HugePages_Total:       0
HugePages_Free:        0
HugePages_Rsvd:        0
HugePages_Surp:        0
Hugepagesize:       2048 kB
DirectMap4k:       80240 kB
DirectMap2M:     2885632 kB
DirectMap1G:     5242880 kB


CPU:total 8 (4 cores per cpu, 2 threads per core) family 6 model 60 stepping 3, cmov, cx8, fxsr, mmx, sse, sse2, sse3, ssse3, sse4.1, sse4.2, popcnt, avx, avx2, aes, clmul, erms, lzcnt, ht, tsc, tscinvbit, bmi1, bmi2

/proc/cpuinfo:
processor	: 0
vendor_id	: GenuineIntel
cpu family	: 6
model		: 60
model name	: Intel(R) Core(TM) i7-4710MQ CPU @ 2.50GHz
stepping	: 3
microcode	: 0x17
cpu MHz		: 2501.000
cache size	: 6144 KB
physical id	: 0
siblings	: 8
core id		: 0
cpu cores	: 4
apicid		: 0
initial apicid	: 0
fpu		: yes
fpu_exception	: yes
cpuid level	: 13
wp		: yes
flags		: fpu vme de pse tsc msr pae mce cx8 apic sep mtrr pge mca cmov pat pse36 clflush dts acpi mmx fxsr sse sse2 ss ht tm pbe syscall nx pdpe1gb rdtscp lm constant_tsc arch_perfmon pebs bts rep_good nopl xtopology nonstop_tsc aperfmperf eagerfpu pni pclmulqdq dtes64 monitor ds_cpl vmx est tm2 ssse3 fma cx16 xtpr pdcm pcid sse4_1 sse4_2 movbe popcnt tsc_deadline_timer aes xsave avx f16c rdrand lahf_lm abm ida arat epb xsaveopt pln pts dtherm tpr_shadow vnmi flexpriority ept vpid fsgsbase tsc_adjust bmi1 avx2 smep bmi2 erms invpcid
bogomips	: 4988.34
clflush size	: 64
cache_alignment	: 64
address sizes	: 39 bits physical, 48 bits virtual
power management:

processor	: 1
vendor_id	: GenuineIntel
cpu family	: 6
model		: 60
model name	: Intel(R) Core(TM) i7-4710MQ CPU @ 2.50GHz
stepping	: 3
microcode	: 0x17
cpu MHz		: 800.000
cache size	: 6144 KB
physical id	: 0
siblings	: 8
core id		: 1
cpu cores	: 4
apicid		: 2
initial apicid	: 2
fpu		: yes
fpu_exception	: yes
cpuid level	: 13
wp		: yes
flags		: fpu vme de pse tsc msr pae mce cx8 apic sep mtrr pge mca cmov pat pse36 clflush dts acpi mmx fxsr sse sse2 ss ht tm pbe syscall nx pdpe1gb rdtscp lm constant_tsc arch_perfmon pebs bts rep_good nopl xtopology nonstop_tsc aperfmperf eagerfpu pni pclmulqdq dtes64 monitor ds_cpl vmx est tm2 ssse3 fma cx16 xtpr pdcm pcid sse4_1 sse4_2 movbe popcnt tsc_deadline_timer aes xsave avx f16c rdrand lahf_lm abm ida arat epb xsaveopt pln pts dtherm tpr_shadow vnmi flexpriority ept vpid fsgsbase tsc_adjust bmi1 avx2 smep bmi2 erms invpcid
bogomips	: 4988.34
clflush size	: 64
cache_alignment	: 64
address sizes	: 39 bits physical, 48 bits virtual
power management:

processor	: 2
vendor_id	: GenuineIntel
cpu family	: 6
model		: 60
model name	: Intel(R) Core(TM) i7-4710MQ CPU @ 2.50GHz
stepping	: 3
microcode	: 0x17
cpu MHz		: 800.000
cache size	: 6144 KB
physical id	: 0
siblings	: 8
core id		: 2
cpu cores	: 4
apicid		: 4
initial apicid	: 4
fpu		: yes
fpu_exception	: yes
cpuid level	: 13
wp		: yes
flags		: fpu vme de pse tsc msr pae mce cx8 apic sep mtrr pge mca cmov pat pse36 clflush dts acpi mmx fxsr sse sse2 ss ht tm pbe syscall nx pdpe1gb rdtscp lm constant_tsc arch_perfmon pebs bts rep_good nopl xtopology nonstop_tsc aperfmperf eagerfpu pni pclmulqdq dtes64 monitor ds_cpl vmx est tm2 ssse3 fma cx16 xtpr pdcm pcid sse4_1 sse4_2 movbe popcnt tsc_deadline_timer aes xsave avx f16c rdrand lahf_lm abm ida arat epb xsaveopt pln pts dtherm tpr_shadow vnmi flexpriority ept vpid fsgsbase tsc_adjust bmi1 avx2 smep bmi2 erms invpcid
bogomips	: 4988.34
clflush size	: 64
cache_alignment	: 64
address sizes	: 39 bits physical, 48 bits virtual
power management:

processor	: 3
vendor_id	: GenuineIntel
cpu family	: 6
model		: 60
model name	: Intel(R) Core(TM) i7-4710MQ CPU @ 2.50GHz
stepping	: 3
microcode	: 0x17
cpu MHz		: 2501.000
cache size	: 6144 KB
physical id	: 0
siblings	: 8
core id		: 3
cpu cores	: 4
apicid		: 6
initial apicid	: 6
fpu		: yes
fpu_exception	: yes
cpuid level	: 13
wp		: yes
flags		: fpu vme de pse tsc msr pae mce cx8 apic sep mtrr pge mca cmov pat pse36 clflush dts acpi mmx fxsr sse sse2 ss ht tm pbe syscall nx pdpe1gb rdtscp lm constant_tsc arch_perfmon pebs bts rep_good nopl xtopology nonstop_tsc aperfmperf eagerfpu pni pclmulqdq dtes64 monitor ds_cpl vmx est tm2 ssse3 fma cx16 xtpr pdcm pcid sse4_1 sse4_2 movbe popcnt tsc_deadline_timer aes xsave avx f16c rdrand lahf_lm abm ida arat epb xsaveopt pln pts dtherm tpr_shadow vnmi flexpriority ept vpid fsgsbase tsc_adjust bmi1 avx2 smep bmi2 erms invpcid
bogomips	: 4988.34
clflush size	: 64
cache_alignment	: 64
address sizes	: 39 bits physical, 48 bits virtual
power management:

processor	: 4
vendor_id	: GenuineIntel
cpu family	: 6
model		: 60
model name	: Intel(R) Core(TM) i7-4710MQ CPU @ 2.50GHz
stepping	: 3
microcode	: 0x17
cpu MHz		: 800.000
cache size	: 6144 KB
physical id	: 0
siblings	: 8
core id		: 0
cpu cores	: 4
apicid		: 1
initial apicid	: 1
fpu		: yes
fpu_exception	: yes
cpuid level	: 13
wp		: yes
flags		: fpu vme de pse tsc msr pae mce cx8 apic sep mtrr pge mca cmov pat pse36 clflush dts acpi mmx fxsr sse sse2 ss ht tm pbe syscall nx pdpe1gb rdtscp lm constant_tsc arch_perfmon pebs bts rep_good nopl xtopology nonstop_tsc aperfmperf eagerfpu pni pclmulqdq dtes64 monitor ds_cpl vmx est tm2 ssse3 fma cx16 xtpr pdcm pcid sse4_1 sse4_2 movbe popcnt tsc_deadline_timer aes xsave avx f16c rdrand lahf_lm abm ida arat epb xsaveopt pln pts dtherm tpr_shadow vnmi flexpriority ept vpid fsgsbase tsc_adjust bmi1 avx2 smep bmi2 erms invpcid
bogomips	: 4988.34
clflush size	: 64
cache_alignment	: 64
address sizes	: 39 bits physical, 48 bits virtual
power management:

processor	: 5
vendor_id	: GenuineIntel
cpu family	: 6
model		: 60
model name	: Intel(R) Core(TM) i7-4710MQ CPU @ 2.50GHz
stepping	: 3
microcode	: 0x17
cpu MHz		: 800.000
cache size	: 6144 KB
physical id	: 0
siblings	: 8
core id		: 1
cpu cores	: 4
apicid		: 3
initial apicid	: 3
fpu		: yes
fpu_exception	: yes
cpuid level	: 13
wp		: yes
flags		: fpu vme de pse tsc msr pae mce cx8 apic sep mtrr pge mca cmov pat pse36 clflush dts acpi mmx fxsr sse sse2 ss ht tm pbe syscall nx pdpe1gb rdtscp lm constant_tsc arch_perfmon pebs bts rep_good nopl xtopology nonstop_tsc aperfmperf eagerfpu pni pclmulqdq dtes64 monitor ds_cpl vmx est tm2 ssse3 fma cx16 xtpr pdcm pcid sse4_1 sse4_2 movbe popcnt tsc_deadline_timer aes xsave avx f16c rdrand lahf_lm abm ida arat epb xsaveopt pln pts dtherm tpr_shadow vnmi flexpriority ept vpid fsgsbase tsc_adjust bmi1 avx2 smep bmi2 erms invpcid
bogomips	: 4988.34
clflush size	: 64
cache_alignment	: 64
address sizes	: 39 bits physical, 48 bits virtual
power management:

processor	: 6
vendor_id	: GenuineIntel
cpu family	: 6
model		: 60
model name	: Intel(R) Core(TM) i7-4710MQ CPU @ 2.50GHz
stepping	: 3
microcode	: 0x17
cpu MHz		: 2501.000
cache size	: 6144 KB
physical id	: 0
siblings	: 8
core id		: 2
cpu cores	: 4
apicid		: 5
initial apicid	: 5
fpu		: yes
fpu_exception	: yes
cpuid level	: 13
wp		: yes
flags		: fpu vme de pse tsc msr pae mce cx8 apic sep mtrr pge mca cmov pat pse36 clflush dts acpi mmx fxsr sse sse2 ss ht tm pbe syscall nx pdpe1gb rdtscp lm constant_tsc arch_perfmon pebs bts rep_good nopl xtopology nonstop_tsc aperfmperf eagerfpu pni pclmulqdq dtes64 monitor ds_cpl vmx est tm2 ssse3 fma cx16 xtpr pdcm pcid sse4_1 sse4_2 movbe popcnt tsc_deadline_timer aes xsave avx f16c rdrand lahf_lm abm ida arat epb xsaveopt pln pts dtherm tpr_shadow vnmi flexpriority ept vpid fsgsbase tsc_adjust bmi1 avx2 smep bmi2 erms invpcid
bogomips	: 4988.34
clflush size	: 64
cache_alignment	: 64
address sizes	: 39 bits physical, 48 bits virtual
power management:

processor	: 7
vendor_id	: GenuineIntel
cpu family	: 6
model		: 60
model name	: Intel(R) Core(TM) i7-4710MQ CPU @ 2.50GHz
stepping	: 3
microcode	: 0x17
cpu MHz		: 2501.000
cache size	: 6144 KB
physical id	: 0
siblings	: 8
core id		: 3
cpu cores	: 4
apicid		: 7
initial apicid	: 7
fpu		: yes
fpu_exception	: yes
cpuid level	: 13
wp		: yes
flags		: fpu vme de pse tsc msr pae mce cx8 apic sep mtrr pge mca cmov pat pse36 clflush dts acpi mmx fxsr sse sse2 ss ht tm pbe syscall nx pdpe1gb rdtscp lm constant_tsc arch_perfmon pebs bts rep_good nopl xtopology nonstop_tsc aperfmperf eagerfpu pni pclmulqdq dtes64 monitor ds_cpl vmx est tm2 ssse3 fma cx16 xtpr pdcm pcid sse4_1 sse4_2 movbe popcnt tsc_deadline_timer aes xsave avx f16c rdrand lahf_lm abm ida arat epb xsaveopt pln pts dtherm tpr_shadow vnmi flexpriority ept vpid fsgsbase tsc_adjust bmi1 avx2 smep bmi2 erms invpcid
bogomips	: 4988.34
clflush size	: 64
cache_alignment	: 64
address sizes	: 39 bits physical, 48 bits virtual
power management:



Memory: 4k page, physical 7998548k(119888k free), swap 0k(0k free)

vm_info: Java HotSpot(TM) 64-Bit Server VM (25.40-b25) for linux-amd64 JRE (1.8.0_40-b25), built on Feb 10 2015 21:29:53 by "java_re" with gcc 4.3.0 20080428 (Red Hat 4.3.0-8)

time: Thu Jul  9 14:56:56 2015
elapsed time: 17 seconds (0d 0h 0m 17s)

